This is pdfTeX, Version 3.14159265-2.6-1.40.20 (TeX Live 2019/Debian) (preloaded format=latex 2022.4.14)  18 APR 2022 21:11
entering extended mode
 restricted \write18 enabled.
 %&-line parsing enabled.
**cube_nets.tex
(./cube_nets.tex
LaTeX2e <2020-02-02> patch level 2
L3 programming layer <2020-02-14>
(/usr/share/texlive/texmf-dist/tex/latex/base/article.cls
Document Class: article 2019/12/20 v1.4l Standard LaTeX document class
(/usr/share/texlive/texmf-dist/tex/latex/base/size10.clo
File: size10.clo 2019/12/20 v1.4l Standard LaTeX file (size option)
)
\c@part=\count167
\c@section=\count168
\c@subsection=\count169
\c@subsubsection=\count170
\c@paragraph=\count171
\c@subparagraph=\count172
\c@figure=\count173
\c@table=\count174
\abovecaptionskip=\skip47
\belowcaptionskip=\skip48
\bibindent=\dimen134
)
(/usr/share/texlive/texmf-dist/tex/latex/tools/array.sty
Package: array 2019/08/31 v2.4l Tabular extension package (FMi)
\col@sep=\dimen135
\ar@mcellbox=\box45
\extrarowheight=\dimen136
\NC@list=\toks14
\extratabsurround=\skip49
\backup@length=\skip50
\ar@cellbox=\box46
)
(/usr/share/texlive/texmf-dist/tex/latex/graphics/epsfig.sty
Package: epsfig 2017/06/25 v1.7b (e)psfig emulation (SPQR)

(/usr/share/texlive/texmf-dist/tex/latex/graphics/graphicx.sty
Package: graphicx 2019/11/30 v1.2a Enhanced LaTeX Graphics (DPC,SPQR)

(/usr/share/texlive/texmf-dist/tex/latex/graphics/keyval.sty
Package: keyval 2014/10/28 v1.15 key=value parser (DPC)
\KV@toks@=\toks15
)
(/usr/share/texlive/texmf-dist/tex/latex/graphics/graphics.sty
Package: graphics 2019/11/30 v1.4a Standard LaTeX Graphics (DPC,SPQR)

(/usr/share/texlive/texmf-dist/tex/latex/graphics/trig.sty
Package: trig 2016/01/03 v1.10 sin cos tan (DPC)
)
(/usr/share/texlive/texmf-dist/tex/latex/graphics-cfg/graphics.cfg
File: graphics.cfg 2016/06/04 v1.11 sample graphics configuration
)
Package graphics Info: Driver file: dvips.def on input line 105.

(/usr/share/texlive/texmf-dist/tex/latex/graphics-def/dvips.def
File: dvips.def 2017/06/20 v3.1d Graphics/color driver for dvips
))
\Gin@req@height=\dimen137
\Gin@req@width=\dimen138
)
\epsfxsize=\dimen139
\epsfysize=\dimen140
)
(/usr/share/texlive/texmf-dist/tex/latex/amsmath/amsmath.sty
Package: amsmath 2020/01/20 v2.17e AMS math features
\@mathmargin=\skip51

For additional information on amsmath, use the `?' option.
(/usr/share/texlive/texmf-dist/tex/latex/amsmath/amstext.sty
Package: amstext 2000/06/29 v2.01 AMS text

(/usr/share/texlive/texmf-dist/tex/latex/amsmath/amsgen.sty
File: amsgen.sty 1999/11/30 v2.0 generic functions
\@emptytoks=\toks16
\ex@=\dimen141
))
(/usr/share/texlive/texmf-dist/tex/latex/amsmath/amsbsy.sty
Package: amsbsy 1999/11/29 v1.2d Bold Symbols
\pmbraise@=\dimen142
)
(/usr/share/texlive/texmf-dist/tex/latex/amsmath/amsopn.sty
Package: amsopn 2016/03/08 v2.02 operator names
)
\inf@bad=\count175
LaTeX Info: Redefining \frac on input line 227.
\uproot@=\count176
\leftroot@=\count177
LaTeX Info: Redefining \overline on input line 389.
\classnum@=\count178
\DOTSCASE@=\count179
LaTeX Info: Redefining \ldots on input line 486.
LaTeX Info: Redefining \dots on input line 489.
LaTeX Info: Redefining \cdots on input line 610.
\Mathstrutbox@=\box47
\strutbox@=\box48
\big@size=\dimen143
LaTeX Font Info:    Redeclaring font encoding OML on input line 733.
LaTeX Font Info:    Redeclaring font encoding OMS on input line 734.
\macc@depth=\count180
\c@MaxMatrixCols=\count181
\dotsspace@=\muskip16
\c@parentequation=\count182
\dspbrk@lvl=\count183
\tag@help=\toks17
\row@=\count184
\column@=\count185
\maxfields@=\count186
\andhelp@=\toks18
\eqnshift@=\dimen144
\alignsep@=\dimen145
\tagshift@=\dimen146
\tagwidth@=\dimen147
\totwidth@=\dimen148
\lineht@=\dimen149
\@envbody=\toks19
\multlinegap=\skip52
\multlinetaggap=\skip53
\mathdisplay@stack=\toks20
LaTeX Info: Redefining \[ on input line 2859.
LaTeX Info: Redefining \] on input line 2860.
)
(/usr/share/texlive/texmf-dist/tex/latex/amsfonts/amsfonts.sty
Package: amsfonts 2013/01/14 v3.01 Basic AMSFonts support
\symAMSa=\mathgroup4
\symAMSb=\mathgroup5
LaTeX Font Info:    Redeclaring math symbol \hbar on input line 98.
LaTeX Font Info:    Overwriting math alphabet `\mathfrak' in version `bold'
(Font)                  U/euf/m/n --> U/euf/b/n on input line 106.
)
(/usr/share/texlive/texmf-dist/tex/latex/amsfonts/amssymb.sty
Package: amssymb 2013/01/14 v3.01 AMS font symbols
)
(/usr/share/texlive/texmf-dist/tex/latex/amsmath/amsxtra.sty
Package: amsxtra 1999/11/15 v1.2c AMS extra commands
LaTeX Info: Redefining \nobreakspace on input line 54.
)
(/usr/share/texlive/texmf-dist/tex/latex/amscls/amsthm.sty
Package: amsthm 2017/10/31 v2.20.4
\thm@style=\toks21
\thm@bodyfont=\toks22
\thm@headfont=\toks23
\thm@notefont=\toks24
\thm@headpunct=\toks25
\thm@preskip=\skip54
\thm@postskip=\skip55
\thm@headsep=\skip56
\dth@everypar=\toks26
)
(/usr/share/texlive/texmf-dist/tex/latex/graphics/color.sty
Package: color 2019/11/23 v1.2a Standard LaTeX Color (DPC)

(/usr/share/texlive/texmf-dist/tex/latex/graphics-cfg/color.cfg
File: color.cfg 2016/01/02 v1.6 sample color configuration
)
Package color Info: Driver file: dvips.def on input line 147.

(/usr/share/texlive/texmf-dist/tex/latex/graphics/dvipsnam.def
File: dvipsnam.def 2016/06/17 v3.0m Driver-dependent file (DPC,SPQR)
))
(/usr/share/texlive/texmf-dist/tex/latex/l3backend/l3backend-dvips.def
File: l3backend-dvips.def 2020-02-03 L3 backend support: dvips
\l__pdf_internal_box=\box49
\g__pdf_backend_object_int=\count187
\l__pdf_backend_content_box=\box50
\l__pdf_backend_model_box=\box51
\g__pdf_backend_annotation_int=\count188
\g__pdf_backend_link_int=\count189
\g__pdf_backend_link_sf_int=\count190
)
(./cube_nets.aux)
\openout1 = `cube_nets.aux'.

LaTeX Font Info:    Checking defaults for OML/cmm/m/it on input line 22.
LaTeX Font Info:    ... okay on input line 22.
LaTeX Font Info:    Checking defaults for OMS/cmsy/m/n on input line 22.
LaTeX Font Info:    ... okay on input line 22.
LaTeX Font Info:    Checking defaults for OT1/cmr/m/n on input line 22.
LaTeX Font Info:    ... okay on input line 22.
LaTeX Font Info:    Checking defaults for T1/cmr/m/n on input line 22.
LaTeX Font Info:    ... okay on input line 22.
LaTeX Font Info:    Checking defaults for TS1/cmr/m/n on input line 22.
LaTeX Font Info:    ... okay on input line 22.
LaTeX Font Info:    Checking defaults for OMX/cmex/m/n on input line 22.
LaTeX Font Info:    ... okay on input line 22.
LaTeX Font Info:    Checking defaults for U/cmr/m/n on input line 22.
LaTeX Font Info:    ... okay on input line 22.
LaTeX Font Info:    Trying to load font information for U+msa on input line 24.

 (/usr/share/texlive/texmf-dist/tex/latex/amsfonts/umsa.fd
File: umsa.fd 2013/01/14 v3.01 AMS symbols A
)
LaTeX Font Info:    Trying to load font information for U+msb on input line 24.


(/usr/share/texlive/texmf-dist/tex/latex/amsfonts/umsb.fd
File: umsb.fd 2013/01/14 v3.01 AMS symbols B
)

LaTeX Warning: No \author given.

LaTeX Font Info:    Trying to load font information for OMS+cmr on input line 2
9.
(/usr/share/texlive/texmf-dist/tex/latex/base/omscmr.fd
File: omscmr.fd 2019/12/16 v2.5j Standard LaTeX font definitions
)
LaTeX Font Info:    Font shape `OMS/cmr/m/n' in size <10> not available
(Font)              Font shape `OMS/cmsy/m/n' tried instead on input line 29.

Overfull \hbox (13.37308pt too wide) in paragraph at lines 32--33
\OT1/cmr/m/n/10 by a span-ning tree of this graph, with ver-tices la-belled $(1
\OML/cmm/m/it/10 ; \OT1/cmr/m/n/10 2\OML/cmm/m/it/10 ; []  ; n; \OMS/cmsy/m/n/1
0 ^^@\OT1/cmr/m/n/10 1\OML/cmm/m/it/10 ; []  ; \OMS/cmsy/m/n/10 ^^@\OML/cmm/m/i
t/10 n\OT1/cmr/m/n/10 )$ 
 []

[1

] [2]
Overfull \hbox (4.45273pt too wide) in paragraph at lines 122--123
[]\OT1/cmr/m/n/10 Now we con-sider how to add $\OML/cmm/m/it/10 H[]\OT1/cmr/m/n
/10 [\OML/cmm/m/it/10 C[]\OT1/cmr/m/n/10 ]$ to an al-ready ex-ist-ing tree $\OM
L/cmm/m/it/10 T\OT1/cmr/m/n/10 [\OML/cmm/m/it/10 C[]\OT1/cmr/m/n/10 ]$.
 []

[3] [4]
Overfull \hbox (1.5075pt too wide) in paragraph at lines 266--268
\OT1/cmtt/m/n/5 47 426.2810008 363579695762006637160509668830060896500204148918
326317015845070007630607740581323014299062003571528726987098 
 []


Overfull \hbox (9.47635pt too wide) in paragraph at lines 266--268
\OT1/cmtt/m/n/5 48 492.6009881 242174322793974697560218900102129442872102165411
932501441660945353069570449974546713473328062705725703531228837 
 []


Overfull \hbox (17.44519pt too wide) in paragraph at lines 266--268
\OT1/cmtt/m/n/5 49 585.9692811 164881902098375075140994297329613864641746237886
306508456211238060446167008556935324634051797669588039551871944573 
 []


Overfull \hbox (25.41403pt too wide) in paragraph at lines 266--268
\OT1/cmtt/m/n/5 50 832.6709125 114691379257898625556378026423076874927705301601
621880065204264939605970749687741454793918669008526851263080777800273 
 []


Overfull \hbox (30.7266pt too wide) in paragraph at lines 266--268
\OT1/cmtt/m/n/5 51 1335.702688 814716341498925269390127830540424776922932259872
24920737292189156019641417849772301841520858872847244400742157887780522 
 []


Overfull \hbox (38.69543pt too wide) in paragraph at lines 266--268
\OT1/cmtt/m/n/5 52 1400.996340 590762475517201325453045879091057413717067915813
01756719998496386226960127826019027082511173063164973868091449604726571966 
 []


Overfull \hbox (46.66428pt too wide) in paragraph at lines 266--268
\OT1/cmtt/m/n/5 53 1619.876396 437089787443220260834197584415077052384938332664
66407484256796900363462821244054421515782665122998881702750121969170579953982 
 []


Overfull \hbox (54.63312pt too wide) in paragraph at lines 266--268
\OT1/cmtt/m/n/5 54 1058.737107 329842963472544770222829997047057222148327722464
8474438777546488802986124900952482148142963542310285144835994832560400052816915
1 
 []


Overfull \hbox (62.60196pt too wide) in paragraph at lines 266--268
\OT1/cmtt/m/n/5 55 2382.865324 253779637236434427721430453664970771324379248477
7091935295903588508487346955494197865469204174523455586787151862165434135981117
7827 
 []


Overfull \hbox (70.5708pt too wide) in paragraph at lines 266--268
\OT1/cmtt/m/n/5 56 <multi-run> 199003062301050224766445027125846309574799135768
3888828474649383775944941412251404655727180436611352675655334297472421037455112
5242173 
 []


Overfull \hbox (78.53964pt too wide) in paragraph at lines 266--268
\OT1/cmtt/m/n/5 57 4104.906018 158987348988732227549933985483001824349105506122
5712246062823512358949374927160259599770837510895941354343691847976260050207143
1140156773 
 []


Overfull \hbox (86.50848pt too wide) in paragraph at lines 266--268
\OT1/cmtt/m/n/5 58 <multi-run> 129365116436608585811520189853719507983055278711
2363629443571758589532566942330444592070039189136638232264262604933589375280580
2868036069094 
 []


Overfull \hbox (94.47733pt too wide) in paragraph at lines 266--268
\OT1/cmtt/m/n/5 59 5986.065509 107171891816474069513349888641151860784607328423
7863283874988077389424513593010945606749178064051350925826319356059116647009913
6962594525132236 
 []


Overfull \hbox (99.78989pt too wide) in paragraph at lines 266--268
\OT1/cmtt/m/n/5 60 4145.372992 903682810164377763968210455796874107798949177174
2137584649806754058784495651263789541754847014364299652770882539747244407311068
085536702687353913 
 []


Overfull \hbox (107.75873pt too wide) in paragraph at lines 266--268
\OT1/cmtt/m/n/5 61 9816.098506 775335435805986226654361425091877551162341427699
6064187846610756082654046468945691885316707297550000069672817501432365428250445
100561608847498586167 
 []


Overfull \hbox (115.72757pt too wide) in paragraph at lines 266--268
\OT1/cmtt/m/n/5 62 5010.182166 676664404399292988413838103488331536777676121976
7697291564706284257607427208874378168905132777066741269461820701662678579233070
636613133891904935114580 
 []


Overfull \hbox (123.69641pt too wide) in paragraph at lines 266--268
\OT1/cmtt/m/n/5 63 10417.50762 600541476028605639714471375608361693773426846707
4902203746477426034911753772218612236564230844393034091212683077266873402857424
584598328119930029872072193 
 []


Overfull \hbox (131.66525pt too wide) in paragraph at lines 266--268
\OT1/cmtt/m/n/5 64 6862.840989 541849448579681560843544692379945191479003297954
5865200035508661015893870807812321300042313457774107373874646899504867634056626
782370348898159608472711949028 
 []


Overfull \hbox (139.6341pt too wide) in paragraph at lines 266--268
\OT1/cmtt/m/n/5 65 8522.143324 496894371095927586569383946637655579331529050558
5045453282807561394132926073527716311016796145353299547006935824846772858127264
279658996887760271963095406823157 
 []


Overfull \hbox (147.60294pt too wide) in paragraph at lines 266--268
\OT1/cmtt/m/n/5 66 10596.95078 463006288980319070269586421304618000328768754433
8098107985402708381352198903795391864058259865554609609019299398779904963640439
420227405076641935112791704207403286 
 []


Overfull \hbox (155.57178pt too wide) in paragraph at lines 266--268
\OT1/cmtt/m/n/5 67 24979.27256 438266383096978083385233333301469775676679319566
0554880898002642688991915255300772048201128628191308101602307745766939985668431
993186810477772992071051178415749323451 
 []


Underfull \hbox (badness 10000) in paragraph at lines 266--268

 []

[5] [6] (./cube_nets.aux) ) 
Here is how much of TeX's memory you used:
 2212 strings out of 483184
 28197 string characters out of 5966318
 276240 words of memory out of 5000000
 17218 multiletter control sequences out of 15000+600000
 541644 words of font info for 61 fonts, out of 8000000 for 9000
 14 hyphenation exceptions out of 8191
 38i,10n,29p,653b,221s stack positions out of 5000i,500n,10000p,200000b,80000s

Output written on cube_nets.dvi (6 pages, 27120 bytes).
